<?xml version="1.0" encoding="UTF-8"?>
<testng-results ignored="0" total="1" passed="1" failed="0" skipped="0">
  <reporter-output>
  </reporter-output>
  <suite started-at="2025-08-20T12:22:40Z" name="Surefire suite" finished-at="2025-08-20T12:22:52Z" duration-ms="11710">
    <groups>
    </groups>
    <test started-at="2025-08-20T12:22:40Z" name="Surefire test" finished-at="2025-08-20T12:22:52Z" duration-ms="11710">
      <class name="com.java.tests.LoginTest">
        <test-method is-config="true" signature="setUp()[pri:0, instance:com.java.tests.LoginTest@6e38921c]" started-at="2025-08-20T12:22:40Z" name="setUp" finished-at="2025-08-20T12:22:44Z" duration-ms="3775" status="PASS">
          <reporter-output>
          </reporter-output>
        </test-method> <!-- setUp -->
        <test-method signature="testValidLogin()[pri:0, instance:com.java.tests.LoginTest@6e38921c]" started-at="2025-08-20T12:22:44Z" name="testValidLogin" finished-at="2025-08-20T12:22:52Z" duration-ms="7614" status="PASS">
          <reporter-output>
          </reporter-output>
        </test-method> <!-- testValidLogin -->
        <test-method is-config="true" signature="tearDown()[pri:0, instance:com.java.tests.LoginTest@6e38921c]" started-at="2025-08-20T12:22:52Z" name="tearDown" finished-at="2025-08-20T12:22:52Z" duration-ms="294" status="PASS">
          <reporter-output>
          </reporter-output>
        </test-method> <!-- tearDown -->
      </class> <!-- com.java.tests.LoginTest -->
    </test> <!-- Surefire test -->
  </suite> <!-- Surefire suite -->
</testng-results>
