<?xml version="1.0" encoding="UTF-8"?>
<testng-results ignored="0" total="1" passed="1" failed="0" skipped="0">
  <reporter-output>
  </reporter-output>
  <suite started-at="2025-08-21T03:28:01Z" name="Surefire suite" finished-at="2025-08-21T03:28:21Z" duration-ms="19812">
    <groups>
    </groups>
    <test started-at="2025-08-21T03:28:01Z" name="Surefire test" finished-at="2025-08-21T03:28:21Z" duration-ms="19812">
      <class name="com.java.tests.LoginTest">
        <test-method is-config="true" signature="setUp(java.lang.reflect.Method)[pri:0, instance:com.java.tests.LoginTest@64d7f7e0]" started-at="2025-08-21T03:28:01Z" name="setUp" finished-at="2025-08-21T03:28:11Z" duration-ms="9754" status="PASS">
          <params>
            <param index="0">
              <value>
                <![CDATA[public void com.java.tests.LoginTest.testValidLogin() throws java.io.IOException,java.lang.InterruptedException]]>
              </value>
            </param>
          </params>
          <reporter-output>
          </reporter-output>
        </test-method> <!-- setUp -->
        <test-method signature="testValidLogin()[pri:0, instance:com.java.tests.LoginTest@64d7f7e0]" started-at="2025-08-21T03:28:11Z" name="testValidLogin" finished-at="2025-08-21T03:28:20Z" duration-ms="9043" status="PASS">
          <reporter-output>
          </reporter-output>
        </test-method> <!-- testValidLogin -->
        <test-method is-config="true" signature="tearDown(org.testng.ITestResult)[pri:0, instance:com.java.tests.LoginTest@64d7f7e0]" started-at="2025-08-21T03:28:20Z" name="tearDown" finished-at="2025-08-21T03:28:21Z" duration-ms="981" status="PASS">
          <params>
            <param index="0">
              <value>
                <![CDATA[[TestResult name=testValidLogin status=SUCCESS method=LoginTest.testValidLogin()[pri:0, instance:com.java.tests.LoginTest@64d7f7e0] output={null}]]]>
              </value>
            </param>
          </params>
          <reporter-output>
          </reporter-output>
        </test-method> <!-- tearDown -->
      </class> <!-- com.java.tests.LoginTest -->
    </test> <!-- Surefire test -->
  </suite> <!-- Surefire suite -->
</testng-results>
